	Command being timed: "micromamba run -p /hive/users/emalekos/tabula_muris_facs_bams/scrna_seq_R_env Rscript /hive/users/emalekos/tabula_muris_facs_bams/scripts/single_cell_gene_counts.R --tx2gene /hive/users/emalekos/tabula_muris_facs_bams/annotations_genomes/gencodevM38plus.tx2gene.tsv --quant_dir /hive/users/emalekos/tabula_muris_facs_bams/Plate_seq/month_quant/ --outdir /hive/users/emalekos/tabula_muris_facs_bams/Plate_seq/count_out/"
	User time (seconds): 14459.45
	System time (seconds): 5444.01
	Percent of CPU this job got: 136%
	Elapsed (wall clock) time (h:mm:ss or m:ss): 4:02:31
	Average shared text size (kbytes): 0
	Average unshared data size (kbytes): 0
	Average stack size (kbytes): 0
	Average total size (kbytes): 0
	Maximum resident set size (kbytes): 26321876
	Average resident set size (kbytes): 0
	Major (requiring I/O) page faults: 2
	Minor (reclaiming a frame) page faults: 2135388650
	Voluntary context switches: 185143793
	Involuntary context switches: 2603661
	Swaps: 0
	File system inputs: 553
	File system outputs: 405
	Socket messages sent: 0
	Socket messages received: 0
	Signals delivered: 0
	Page size (bytes): 4096
	Exit status: 0
